Using pre-set license
Built from '2021.1/release' branch; Version is '2021.1.4f1 (4cd64a618c1b) revision 5035594'; Using compiler version '192528614'; Build Type 'Release'
OS: 'Windows 10 Home; OS build 19042.1110; Version 2009; 64bit' Language: 'en' Physical Memory: 32720 MB
BatchMode: 1, IsHumanControllingUs: 0, StartBugReporterOnCrash: 0, Is64bit: 1, IsPro: 0

 COMMAND LINE ARGUMENTS:
C:\Program Files\Unity\Hub\Editor\2021.1.4f1\Editor\Unity.exe
-adb2
-batchMode
-noUpm
-name
AssetImportWorker0
-projectPath
C:/Users/brian/Documents/Unity Projects/GJ_SameAssetPack
-logFile
Logs/AssetImportWorker0.log
-srvPort
51237
Successfully changed project path to: C:/Users/brian/Documents/Unity Projects/GJ_SameAssetPack
C:/Users/brian/Documents/Unity Projects/GJ_SameAssetPack
Using Asset Import Pipeline V2.
Refreshing native plugins compatible for Editor in 117.13 ms, found 2 plugins.
Preloading 0 native plugins for Editor in 0.00 ms.
Initialize engine version: 2021.1.4f1 (4cd64a618c1b)
[Subsystems] Discovering subsystems at path C:/Program Files/Unity/Hub/Editor/2021.1.4f1/Editor/Data/Resources/UnitySubsystems
[Subsystems] Discovering subsystems at path C:/Users/brian/Documents/Unity Projects/GJ_SameAssetPack/Assets
GfxDevice: creating device client; threaded=0; jobified=0
Direct3D:
    Version:  Direct3D 11.0 [level 11.1]
    Renderer: NVIDIA GeForce RTX 2070 (ID=0x1f02)
    Vendor:   NVIDIA
    VRAM:     8031 MB
    Driver:   27.21.14.6192
Initialize mono
Mono path[0] = 'C:/Program Files/Unity/Hub/Editor/2021.1.4f1/Editor/Data/Managed'
Mono path[1] = 'C:/Program Files/Unity/Hub/Editor/2021.1.4f1/Editor/Data/MonoBleedingEdge/lib/mono/unityjit'
Mono config path = 'C:/Program Files/Unity/Hub/Editor/2021.1.4f1/Editor/Data/MonoBleedingEdge/etc'
Using monoOptions --debugger-agent=transport=dt_socket,embedding=1,server=y,suspend=n,address=127.0.0.1:56252
Begin MonoManager ReloadAssembly
Registering precompiled unity dll's ...
Register platform support module: C:/Program Files/Unity/Hub/Editor/2021.1.4f1/Editor/Data/PlaybackEngines/WindowsStandaloneSupport/UnityEditor.WindowsStandalone.Extensions.dll
Registered in 0.002559 seconds.
Native extension for WindowsStandalone target not found
Refreshing native plugins compatible for Editor in 117.31 ms, found 2 plugins.
Preloading 0 native plugins for Editor in 0.00 ms.
Mono: successfully reloaded assembly
- Completed reload, in  2.486 seconds
Platform modules already initialized, skipping
Registering precompiled user dll's ...
Registered in 0.004601 seconds.
Begin MonoManager ReloadAssembly
Native extension for WindowsStandalone target not found
Refreshing native plugins compatible for Editor in 117.95 ms, found 2 plugins.
Preloading 0 native plugins for Editor in 0.00 ms.
Mono: successfully reloaded assembly
- Completed reload, in  1.362 seconds
Platform modules already initialized, skipping
========================================================================
Worker process is ready to serve import requests
Launched and connected shader compiler UnityShaderCompiler.exe after 0.04 seconds
Refreshing native plugins compatible for Editor in 0.85 ms, found 2 plugins.
Preloading 0 native plugins for Editor in 0.00 ms.
Unloading 3442 Unused Serialized files (Serialized files now loaded: 0)
System memory in use before: 131.1 MB.
System memory in use after: 131.2 MB.

Unloading 29 unused Assets to reduce memory usage. Loaded Objects now: 3897.
Total: 3.105400 ms (FindLiveObjects: 0.310400 ms CreateObjectMapping: 0.084300 ms MarkObjects: 2.566100 ms  DeleteObjects: 0.141900 ms)

========================================================================
Received Import Request.
  path: Assets/Scenes/island.unity
  artifactKey: Guid(f187e1eb7d4cac64ba7c6c1c94c0ae09) Importer(815301076,1909f56bfc062723c751e8b465ee728b)
Start importing Assets/Scenes/island.unity using Guid(f187e1eb7d4cac64ba7c6c1c94c0ae09) Importer(815301076,1909f56bfc062723c751e8b465ee728b)  -> (artifact id: '8242f476590e6fd6b2a6ee634811835a') in 0.023614 seconds 
========================================================================
Received Prepare
Registering precompiled user dll's ...
Registered in 0.004593 seconds.
Begin MonoManager ReloadAssembly
Native extension for WindowsStandalone target not found
Refreshing native plugins compatible for Editor in 0.97 ms, found 2 plugins.
Preloading 0 native plugins for Editor in 0.00 ms.
Mono: successfully reloaded assembly
- Completed reload, in  1.213 seconds
Platform modules already initialized, skipping
Refreshing native plugins compatible for Editor in 1.04 ms, found 2 plugins.
Preloading 0 native plugins for Editor in 0.00 ms.
Unloading 3436 Unused Serialized files (Serialized files now loaded: 0)
System memory in use before: 131.0 MB.
System memory in use after: 131.1 MB.

Unloading 17 unused Assets to reduce memory usage. Loaded Objects now: 3901.
Total: 2.810400 ms (FindLiveObjects: 0.343400 ms CreateObjectMapping: 0.274100 ms MarkObjects: 2.078500 ms  DeleteObjects: 0.112700 ms)

========================================================================
Received Prepare
Registering precompiled user dll's ...
Registered in 0.004576 seconds.
Begin MonoManager ReloadAssembly
Native extension for WindowsStandalone target not found
Refreshing native plugins compatible for Editor in 0.93 ms, found 2 plugins.
Preloading 0 native plugins for Editor in 0.00 ms.
Mono: successfully reloaded assembly
- Completed reload, in  1.230 seconds
Platform modules already initialized, skipping
Refreshing native plugins compatible for Editor in 0.92 ms, found 2 plugins.
Preloading 0 native plugins for Editor in 0.00 ms.
Unloading 3436 Unused Serialized files (Serialized files now loaded: 0)
System memory in use before: 131.1 MB.
System memory in use after: 131.2 MB.

Unloading 17 unused Assets to reduce memory usage. Loaded Objects now: 3905.
Total: 3.819500 ms (FindLiveObjects: 0.326600 ms CreateObjectMapping: 0.087700 ms MarkObjects: 3.266400 ms  DeleteObjects: 0.137100 ms)

========================================================================
Received Prepare
Registering precompiled user dll's ...
Registered in 0.004331 seconds.
Begin MonoManager ReloadAssembly
Native extension for WindowsStandalone target not found
Refreshing native plugins compatible for Editor in 0.85 ms, found 2 plugins.
Preloading 0 native plugins for Editor in 0.00 ms.
Mono: successfully reloaded assembly
- Completed reload, in  1.185 seconds
Platform modules already initialized, skipping
Refreshing native plugins compatible for Editor in 0.89 ms, found 2 plugins.
Preloading 0 native plugins for Editor in 0.00 ms.
Unloading 3436 Unused Serialized files (Serialized files now loaded: 0)
System memory in use before: 131.1 MB.
System memory in use after: 131.2 MB.

Unloading 17 unused Assets to reduce memory usage. Loaded Objects now: 3909.
Total: 2.617900 ms (FindLiveObjects: 0.318500 ms CreateObjectMapping: 0.086600 ms MarkObjects: 2.098900 ms  DeleteObjects: 0.112800 ms)

========================================================================
Received Prepare
Registering precompiled user dll's ...
Registered in 0.004299 seconds.
Begin MonoManager ReloadAssembly
Native extension for WindowsStandalone target not found
Refreshing native plugins compatible for Editor in 0.92 ms, found 2 plugins.
Preloading 0 native plugins for Editor in 0.00 ms.
Mono: successfully reloaded assembly
- Completed reload, in  1.263 seconds
Platform modules already initialized, skipping
Refreshing native plugins compatible for Editor in 0.99 ms, found 2 plugins.
Preloading 0 native plugins for Editor in 0.00 ms.
Unloading 3436 Unused Serialized files (Serialized files now loaded: 0)
System memory in use before: 131.1 MB.
System memory in use after: 131.2 MB.

Unloading 17 unused Assets to reduce memory usage. Loaded Objects now: 3913.
Total: 3.594400 ms (FindLiveObjects: 0.330400 ms CreateObjectMapping: 0.089600 ms MarkObjects: 3.018200 ms  DeleteObjects: 0.154400 ms)

========================================================================
Received Import Request.
  Time since last request: 307.774353 seconds.
  path: Assets/Prefab/DecorationsShop/Chest.prefab
  artifactKey: Guid(e2cf384a30e16d34fabf6a8546ec9c6e) Importer(815301076,1909f56bfc062723c751e8b465ee728b)
Start importing Assets/Prefab/DecorationsShop/Chest.prefab using Guid(e2cf384a30e16d34fabf6a8546ec9c6e) Importer(815301076,1909f56bfc062723c751e8b465ee728b)  -> (artifact id: '4e5dcb78eb01336ddd0c3a9aad7088da') in 0.129832 seconds 
========================================================================
Received Import Request.
  Time since last request: 7.813675 seconds.
  path: Assets/Scenes/shop.unity
  artifactKey: Guid(7e84c47674c01014db9e8fbd9c828a59) Importer(815301076,1909f56bfc062723c751e8b465ee728b)
Start importing Assets/Scenes/shop.unity using Guid(7e84c47674c01014db9e8fbd9c828a59) Importer(815301076,1909f56bfc062723c751e8b465ee728b)  -> (artifact id: '42a95ab22d587985b4c3e36c7ced3c78') in 0.008239 seconds 
========================================================================
Received Prepare
Registering precompiled user dll's ...
Registered in 0.005387 seconds.
Begin MonoManager ReloadAssembly
Native extension for WindowsStandalone target not found
Refreshing native plugins compatible for Editor in 0.90 ms, found 2 plugins.
Preloading 0 native plugins for Editor in 0.00 ms.
Mono: successfully reloaded assembly
- Completed reload, in  1.170 seconds
Platform modules already initialized, skipping
Refreshing native plugins compatible for Editor in 0.87 ms, found 2 plugins.
Preloading 0 native plugins for Editor in 0.00 ms.
Unloading 3436 Unused Serialized files (Serialized files now loaded: 0)
System memory in use before: 134.8 MB.
System memory in use after: 134.9 MB.

Unloading 17 unused Assets to reduce memory usage. Loaded Objects now: 3924.
Total: 2.918600 ms (FindLiveObjects: 0.361900 ms CreateObjectMapping: 0.092900 ms MarkObjects: 2.346300 ms  DeleteObjects: 0.115600 ms)

========================================================================
Received Import Request.
  Time since last request: 233.840343 seconds.
  path: Assets/Scenes/pirateShip.unity
  artifactKey: Guid(9fb008757924c114abf9daf0e70e319e) Importer(815301076,1909f56bfc062723c751e8b465ee728b)
Start importing Assets/Scenes/pirateShip.unity using Guid(9fb008757924c114abf9daf0e70e319e) Importer(815301076,1909f56bfc062723c751e8b465ee728b)  -> (artifact id: '7413ffeebdc3d2a2d6f1355577c7f504') in 0.021902 seconds 
========================================================================
Received Import Request.
  Time since last request: 30.134693 seconds.
  path: Assets/Level/PirateShip/PirateShip.asset
  artifactKey: Guid(e047dc5017a6b254ea6875e41eaf59d7) Importer(815301076,1909f56bfc062723c751e8b465ee728b)
Start importing Assets/Level/PirateShip/PirateShip.asset using Guid(e047dc5017a6b254ea6875e41eaf59d7) Importer(815301076,1909f56bfc062723c751e8b465ee728b)  -> (artifact id: '3df92ca4be9b8deabd45a4cc66d8a5b2') in 0.022475 seconds 
========================================================================
Received Import Request.
  Time since last request: 26.245342 seconds.
  path: Assets/Level/PirateShip/pirateRule.asset
  artifactKey: Guid(ba88fa812f289bf42853366f6c7305f3) Importer(815301076,1909f56bfc062723c751e8b465ee728b)
Start importing Assets/Level/PirateShip/pirateRule.asset using Guid(ba88fa812f289bf42853366f6c7305f3) Importer(815301076,1909f56bfc062723c751e8b465ee728b)  -> (artifact id: '80a1216f8b9bc382bc07e51d3e87367d') in 0.039155 seconds 
========================================================================
Received Import Request.
  Time since last request: 156.624769 seconds.
  path: Assets/Level/PirateShip/PirateShip.asset
  artifactKey: Guid(e047dc5017a6b254ea6875e41eaf59d7) Importer(815301076,1909f56bfc062723c751e8b465ee728b)
Start importing Assets/Level/PirateShip/PirateShip.asset using Guid(e047dc5017a6b254ea6875e41eaf59d7) Importer(815301076,1909f56bfc062723c751e8b465ee728b)  -> (artifact id: 'd0da330b9d588dfcf156f0f0f71b2a54') in 0.011239 seconds 
========================================================================
Received Import Request.
  Time since last request: 820.112657 seconds.
  path: Assets/Animations/Flag 01.controller
  artifactKey: Guid(2382748787c729a4f80ad9909fa3d3b1) Importer(815301076,1909f56bfc062723c751e8b465ee728b)
Start importing Assets/Animations/Flag 01.controller using Guid(2382748787c729a4f80ad9909fa3d3b1) Importer(815301076,1909f56bfc062723c751e8b465ee728b)  -> (artifact id: '1d35fa05fee536bf5cb513f3727b6a29') in 0.011846 seconds 
========================================================================
Received Import Request.
  Time since last request: 2.704511 seconds.
  path: Assets/AssetPack/Treasure Hunters/Palm Tree Island/Sprites/Objects/Flag
  artifactKey: Guid(7af7f13374f87604a808b6e4ae674444) Importer(815301076,1909f56bfc062723c751e8b465ee728b)
Start importing Assets/AssetPack/Treasure Hunters/Palm Tree Island/Sprites/Objects/Flag using Guid(7af7f13374f87604a808b6e4ae674444) Importer(815301076,1909f56bfc062723c751e8b465ee728b)  -> (artifact id: 'c6bce6b9e5e7c4cf1ab97ccb52d7fcef') in 0.008314 seconds 
========================================================================
Received Import Request.
  Time since last request: 56.555359 seconds.
  path: Assets/Scenes/island.unity
  artifactKey: Guid(f187e1eb7d4cac64ba7c6c1c94c0ae09) Importer(815301076,1909f56bfc062723c751e8b465ee728b)
Start importing Assets/Scenes/island.unity using Guid(f187e1eb7d4cac64ba7c6c1c94c0ae09) Importer(815301076,1909f56bfc062723c751e8b465ee728b)  -> (artifact id: '9010f331c1b3ef3440d8a0dd8eba9a1c') in 0.007824 seconds 
========================================================================
Received Prepare
Registering precompiled user dll's ...
Registered in 0.004659 seconds.
Begin MonoManager ReloadAssembly
Native extension for WindowsStandalone target not found
Refreshing native plugins compatible for Editor in 0.88 ms, found 2 plugins.
Preloading 0 native plugins for Editor in 0.00 ms.
Mono: successfully reloaded assembly
- Completed reload, in  1.155 seconds
Platform modules already initialized, skipping
Refreshing native plugins compatible for Editor in 0.85 ms, found 2 plugins.
Preloading 0 native plugins for Editor in 0.00 ms.
Unloading 3436 Unused Serialized files (Serialized files now loaded: 0)
System memory in use before: 134.9 MB.
System memory in use after: 135.1 MB.

Unloading 17 unused Assets to reduce memory usage. Loaded Objects now: 3931.
Total: 2.644900 ms (FindLiveObjects: 0.350900 ms CreateObjectMapping: 0.085200 ms MarkObjects: 2.101900 ms  DeleteObjects: 0.105800 ms)

========================================================================
Received Prepare
Registering precompiled user dll's ...
Registered in 0.004284 seconds.
Begin MonoManager ReloadAssembly
Native extension for WindowsStandalone target not found
Refreshing native plugins compatible for Editor in 0.85 ms, found 2 plugins.
Preloading 0 native plugins for Editor in 0.00 ms.
Mono: successfully reloaded assembly
- Completed reload, in  1.165 seconds
Platform modules already initialized, skipping
Refreshing native plugins compatible for Editor in 0.86 ms, found 2 plugins.
Preloading 0 native plugins for Editor in 0.00 ms.
Unloading 3436 Unused Serialized files (Serialized files now loaded: 0)
System memory in use before: 135.0 MB.
System memory in use after: 135.1 MB.

Unloading 17 unused Assets to reduce memory usage. Loaded Objects now: 3935.
Total: 3.852200 ms (FindLiveObjects: 0.308300 ms CreateObjectMapping: 0.086100 ms MarkObjects: 3.304300 ms  DeleteObjects: 0.152000 ms)

========================================================================
Received Prepare
Registering precompiled user dll's ...
Registered in 0.005618 seconds.
Begin MonoManager ReloadAssembly
Native extension for WindowsStandalone target not found
Refreshing native plugins compatible for Editor in 0.88 ms, found 2 plugins.
Preloading 0 native plugins for Editor in 0.00 ms.
Mono: successfully reloaded assembly
- Completed reload, in  1.157 seconds
Platform modules already initialized, skipping
Refreshing native plugins compatible for Editor in 0.86 ms, found 2 plugins.
Preloading 0 native plugins for Editor in 0.00 ms.
Unloading 3436 Unused Serialized files (Serialized files now loaded: 0)
System memory in use before: 135.0 MB.
System memory in use after: 135.1 MB.

Unloading 17 unused Assets to reduce memory usage. Loaded Objects now: 3939.
Total: 2.820200 ms (FindLiveObjects: 0.312600 ms CreateObjectMapping: 0.090600 ms MarkObjects: 2.306500 ms  DeleteObjects: 0.109200 ms)

========================================================================
Received Import Request.
  Time since last request: 138.496378 seconds.
  path: Assets/Scenes/pirateShip.unity
  artifactKey: Guid(9fb008757924c114abf9daf0e70e319e) Importer(815301076,1909f56bfc062723c751e8b465ee728b)
Start importing Assets/Scenes/pirateShip.unity using Guid(9fb008757924c114abf9daf0e70e319e) Importer(815301076,1909f56bfc062723c751e8b465ee728b)  -> (artifact id: '89c7448a12b2d280d8c26842598c6c81') in 0.017995 seconds 
========================================================================
Received Import Request.
  Time since last request: 23.067500 seconds.
  path: Assets/_Scripts/Player.cs
  artifactKey: Guid(b9b3a33c2c9da744fb0352f6d45cfe8a) Importer(815301076,1909f56bfc062723c751e8b465ee728b)
Start importing Assets/_Scripts/Player.cs using Guid(b9b3a33c2c9da744fb0352f6d45cfe8a) Importer(815301076,1909f56bfc062723c751e8b465ee728b)  -> (artifact id: 'cd03e4562b5a18bdc247b2849f3f4b33') in 0.011268 seconds 
========================================================================
Received Prepare
Registering precompiled user dll's ...
Registered in 0.004578 seconds.
Begin MonoManager ReloadAssembly
Native extension for WindowsStandalone target not found
Refreshing native plugins compatible for Editor in 0.84 ms, found 2 plugins.
Preloading 0 native plugins for Editor in 0.00 ms.
Mono: successfully reloaded assembly
- Completed reload, in  1.159 seconds
Platform modules already initialized, skipping
Refreshing native plugins compatible for Editor in 0.85 ms, found 2 plugins.
Preloading 0 native plugins for Editor in 0.00 ms.
Unloading 3436 Unused Serialized files (Serialized files now loaded: 0)
System memory in use before: 135.0 MB.
System memory in use after: 135.1 MB.

Unloading 17 unused Assets to reduce memory usage. Loaded Objects now: 3943.
Total: 2.632600 ms (FindLiveObjects: 0.362400 ms CreateObjectMapping: 0.089500 ms MarkObjects: 2.071700 ms  DeleteObjects: 0.107100 ms)

========================================================================
Received Import Request.
  Time since last request: 61.793073 seconds.
  path: Assets/Scenes/island.unity
  artifactKey: Guid(f187e1eb7d4cac64ba7c6c1c94c0ae09) Importer(815301076,1909f56bfc062723c751e8b465ee728b)
Start importing Assets/Scenes/island.unity using Guid(f187e1eb7d4cac64ba7c6c1c94c0ae09) Importer(815301076,1909f56bfc062723c751e8b465ee728b)  -> (artifact id: '07f227d981dc84c4ed1472b6aa55a94c') in 0.016417 seconds 
========================================================================
Received Prepare
Registering precompiled user dll's ...
Registered in 0.004814 seconds.
Begin MonoManager ReloadAssembly
Native extension for WindowsStandalone target not found
Refreshing native plugins compatible for Editor in 0.97 ms, found 2 plugins.
Preloading 0 native plugins for Editor in 0.00 ms.
Mono: successfully reloaded assembly
- Completed reload, in  1.178 seconds
Platform modules already initialized, skipping
Refreshing native plugins compatible for Editor in 0.91 ms, found 2 plugins.
Preloading 0 native plugins for Editor in 0.00 ms.
Unloading 3436 Unused Serialized files (Serialized files now loaded: 0)
System memory in use before: 135.0 MB.
System memory in use after: 135.1 MB.

Unloading 17 unused Assets to reduce memory usage. Loaded Objects now: 3947.
Total: 2.972900 ms (FindLiveObjects: 0.318800 ms CreateObjectMapping: 0.089400 ms MarkObjects: 2.444500 ms  DeleteObjects: 0.118900 ms)

========================================================================
Received Import Request.
  Time since last request: 148.457757 seconds.
  path: Assets/Prefab/Enemies/Cannon/CannonBall.prefab
  artifactKey: Guid(d6814daf06633e040b84acc534ee3b08) Importer(815301076,1909f56bfc062723c751e8b465ee728b)
Start importing Assets/Prefab/Enemies/Cannon/CannonBall.prefab using Guid(d6814daf06633e040b84acc534ee3b08) Importer(815301076,1909f56bfc062723c751e8b465ee728b)  -> (artifact id: 'b40483f65231ed0baaeefe2839c7f5de') in 0.085047 seconds 
========================================================================
Received Prepare
Registering precompiled user dll's ...
Registered in 0.005296 seconds.
Begin MonoManager ReloadAssembly
Native extension for WindowsStandalone target not found
Refreshing native plugins compatible for Editor in 0.87 ms, found 2 plugins.
Preloading 0 native plugins for Editor in 0.00 ms.
Mono: successfully reloaded assembly
- Completed reload, in  1.129 seconds
Platform modules already initialized, skipping
Refreshing native plugins compatible for Editor in 0.85 ms, found 2 plugins.
Preloading 0 native plugins for Editor in 0.00 ms.
Unloading 3436 Unused Serialized files (Serialized files now loaded: 0)
System memory in use before: 135.0 MB.
System memory in use after: 135.1 MB.

Unloading 17 unused Assets to reduce memory usage. Loaded Objects now: 3952.
Total: 2.633400 ms (FindLiveObjects: 0.307900 ms CreateObjectMapping: 0.085500 ms MarkObjects: 2.128900 ms  DeleteObjects: 0.109500 ms)

========================================================================
Received Prepare
Registering precompiled user dll's ...
Registered in 0.004280 seconds.
Begin MonoManager ReloadAssembly
Native extension for WindowsStandalone target not found
Refreshing native plugins compatible for Editor in 0.86 ms, found 2 plugins.
Preloading 0 native plugins for Editor in 0.00 ms.
Mono: successfully reloaded assembly
- Completed reload, in  1.177 seconds
Platform modules already initialized, skipping
Refreshing native plugins compatible for Editor in 0.93 ms, found 2 plugins.
Preloading 0 native plugins for Editor in 0.00 ms.
Unloading 3436 Unused Serialized files (Serialized files now loaded: 0)
System memory in use before: 135.0 MB.
System memory in use after: 135.1 MB.

Unloading 17 unused Assets to reduce memory usage. Loaded Objects now: 3956.
Total: 2.618300 ms (FindLiveObjects: 0.305000 ms CreateObjectMapping: 0.085700 ms MarkObjects: 2.094800 ms  DeleteObjects: 0.131700 ms)

========================================================================
Received Prepare
Registering precompiled user dll's ...
Registered in 0.004339 seconds.
Begin MonoManager ReloadAssembly
Native extension for WindowsStandalone target not found
Refreshing native plugins compatible for Editor in 0.97 ms, found 2 plugins.
Preloading 0 native plugins for Editor in 0.00 ms.
Mono: successfully reloaded assembly
- Completed reload, in  1.144 seconds
Platform modules already initialized, skipping
Refreshing native plugins compatible for Editor in 0.86 ms, found 2 plugins.
Preloading 0 native plugins for Editor in 0.00 ms.
Unloading 3436 Unused Serialized files (Serialized files now loaded: 0)
System memory in use before: 135.0 MB.
System memory in use after: 135.1 MB.

Unloading 17 unused Assets to reduce memory usage. Loaded Objects now: 3960.
Total: 2.518800 ms (FindLiveObjects: 0.304100 ms CreateObjectMapping: 0.085200 ms MarkObjects: 2.022200 ms  DeleteObjects: 0.106100 ms)

========================================================================
Received Prepare
Registering precompiled user dll's ...
Registered in 0.004338 seconds.
Begin MonoManager ReloadAssembly
Native extension for WindowsStandalone target not found
Refreshing native plugins compatible for Editor in 0.88 ms, found 2 plugins.
Preloading 0 native plugins for Editor in 0.00 ms.
Mono: successfully reloaded assembly
- Completed reload, in  1.140 seconds
Platform modules already initialized, skipping
Refreshing native plugins compatible for Editor in 0.87 ms, found 2 plugins.
Preloading 0 native plugins for Editor in 0.00 ms.
Unloading 3436 Unused Serialized files (Serialized files now loaded: 0)
System memory in use before: 135.0 MB.
System memory in use after: 135.2 MB.

Unloading 17 unused Assets to reduce memory usage. Loaded Objects now: 3964.
Total: 2.574900 ms (FindLiveObjects: 0.319200 ms CreateObjectMapping: 0.083500 ms MarkObjects: 2.055900 ms  DeleteObjects: 0.115000 ms)

========================================================================
Received Prepare
Registering precompiled user dll's ...
Registered in 0.004864 seconds.
Begin MonoManager ReloadAssembly
Native extension for WindowsStandalone target not found
Refreshing native plugins compatible for Editor in 0.90 ms, found 2 plugins.
Preloading 0 native plugins for Editor in 0.00 ms.
Mono: successfully reloaded assembly
- Completed reload, in  1.199 seconds
Platform modules already initialized, skipping
Refreshing native plugins compatible for Editor in 0.85 ms, found 2 plugins.
Preloading 0 native plugins for Editor in 0.00 ms.
Unloading 3436 Unused Serialized files (Serialized files now loaded: 0)
System memory in use before: 135.1 MB.
System memory in use after: 135.2 MB.

Unloading 17 unused Assets to reduce memory usage. Loaded Objects now: 3968.
Total: 2.987000 ms (FindLiveObjects: 0.402800 ms CreateObjectMapping: 0.087900 ms MarkObjects: 2.383600 ms  DeleteObjects: 0.111500 ms)

========================================================================
Received Prepare
Registering precompiled user dll's ...
Registered in 0.004227 seconds.
Begin MonoManager ReloadAssembly
Native extension for WindowsStandalone target not found
Refreshing native plugins compatible for Editor in 1.21 ms, found 2 plugins.
Preloading 0 native plugins for Editor in 0.00 ms.
Mono: successfully reloaded assembly
- Completed reload, in  1.137 seconds
Platform modules already initialized, skipping
Refreshing native plugins compatible for Editor in 0.85 ms, found 2 plugins.
Preloading 0 native plugins for Editor in 0.00 ms.
Unloading 3436 Unused Serialized files (Serialized files now loaded: 0)
System memory in use before: 135.1 MB.
System memory in use after: 135.2 MB.

Unloading 17 unused Assets to reduce memory usage. Loaded Objects now: 3972.
Total: 2.595200 ms (FindLiveObjects: 0.314200 ms CreateObjectMapping: 0.086000 ms MarkObjects: 2.083200 ms  DeleteObjects: 0.110700 ms)

========================================================================
Received Prepare
Registering precompiled user dll's ...
Registered in 0.004326 seconds.
Begin MonoManager ReloadAssembly
Native extension for WindowsStandalone target not found
Refreshing native plugins compatible for Editor in 0.86 ms, found 2 plugins.
Preloading 0 native plugins for Editor in 0.00 ms.
Mono: successfully reloaded assembly
- Completed reload, in  1.242 seconds
Platform modules already initialized, skipping
Refreshing native plugins compatible for Editor in 0.89 ms, found 2 plugins.
Preloading 0 native plugins for Editor in 0.00 ms.
Unloading 3436 Unused Serialized files (Serialized files now loaded: 0)
System memory in use before: 135.1 MB.
System memory in use after: 135.2 MB.

Unloading 17 unused Assets to reduce memory usage. Loaded Objects now: 3976.
Total: 3.195800 ms (FindLiveObjects: 0.328300 ms CreateObjectMapping: 0.096700 ms MarkObjects: 2.658000 ms  DeleteObjects: 0.111300 ms)

AssetImportWorkerClient::OnTransportError - code=2 error=End of file
