Using pre-set license
Built from '2021.1/release' branch; Version is '2021.1.4f1 (4cd64a618c1b) revision 5035594'; Using compiler version '192528614'; Build Type 'Release'
OS: 'Windows 10 Home; OS build 19042.1083; Version 2009; 64bit' Language: 'en' Physical Memory: 11663 MB
BatchMode: 1, IsHumanControllingUs: 0, StartBugReporterOnCrash: 0, Is64bit: 1, IsPro: 0

 COMMAND LINE ARGUMENTS:
C:\Program Files\Unity\Hub\Editor\2021.1.4f1\Editor\Unity.exe
-adb2
-batchMode
-noUpm
-name
AssetImportWorker4
-projectPath
C:/Users/brian/Documents/Unity games/GJ_SameAssetPack
-logFile
Logs/AssetImportWorker4.log
-srvPort
52515
Successfully changed project path to: C:/Users/brian/Documents/Unity games/GJ_SameAssetPack
C:/Users/brian/Documents/Unity games/GJ_SameAssetPack
Using Asset Import Pipeline V2.
Refreshing native plugins compatible for Editor in 281.22 ms, found 2 plugins.
Preloading 0 native plugins for Editor in 0.00 ms.
Initialize engine version: 2021.1.4f1 (4cd64a618c1b)
[Subsystems] Discovering subsystems at path C:/Program Files/Unity/Hub/Editor/2021.1.4f1/Editor/Data/Resources/UnitySubsystems
[Subsystems] Discovering subsystems at path C:/Users/brian/Documents/Unity games/GJ_SameAssetPack/Assets
GfxDevice: creating device client; threaded=0; jobified=0
Direct3D:
    Version:  Direct3D 11.0 [level 11.1]
    Renderer: AMD Radeon R5 Graphics (ID=0x9874)
    Vendor:   ATI
    VRAM:     499 MB
    Driver:   16.101.1611.1003
Initialize mono
Mono path[0] = 'C:/Program Files/Unity/Hub/Editor/2021.1.4f1/Editor/Data/Managed'
Mono path[1] = 'C:/Program Files/Unity/Hub/Editor/2021.1.4f1/Editor/Data/MonoBleedingEdge/lib/mono/unityjit'
Mono config path = 'C:/Program Files/Unity/Hub/Editor/2021.1.4f1/Editor/Data/MonoBleedingEdge/etc'
Using monoOptions --debugger-agent=transport=dt_socket,embedding=1,server=y,suspend=n,address=127.0.0.1:56288
Begin MonoManager ReloadAssembly
Registering precompiled unity dll's ...
Register platform support module: C:/Program Files/Unity/Hub/Editor/2021.1.4f1/Editor/Data/PlaybackEngines/WebGLSupport/UnityEditor.WebGL.Extensions.dll
Register platform support module: C:/Program Files/Unity/Hub/Editor/2021.1.4f1/Editor/Data/PlaybackEngines/WindowsStandaloneSupport/UnityEditor.WindowsStandalone.Extensions.dll
Registered in 0.007423 seconds.
Native extension for WindowsStandalone target not found
Native extension for WebGL target not found
Refreshing native plugins compatible for Editor in 283.16 ms, found 2 plugins.
Preloading 0 native plugins for Editor in 0.00 ms.
Mono: successfully reloaded assembly
- Completed reload, in  4.737 seconds
Platform modules already initialized, skipping
Registering precompiled user dll's ...
Registered in 0.009968 seconds.
Begin MonoManager ReloadAssembly
Native extension for WindowsStandalone target not found
Native extension for WebGL target not found
Refreshing native plugins compatible for Editor in 266.02 ms, found 2 plugins.
Preloading 0 native plugins for Editor in 0.00 ms.
Mono: successfully reloaded assembly
- Completed reload, in 11.257 seconds
Platform modules already initialized, skipping
========================================================================
Worker process is ready to serve import requests
Launched and connected shader compiler UnityShaderCompiler.exe after 0.11 seconds
Refreshing native plugins compatible for Editor in 2.29 ms, found 2 plugins.
Preloading 0 native plugins for Editor in 0.00 ms.
Unloading 3442 Unused Serialized files (Serialized files now loaded: 0)
System memory in use before: 130.9 MB.
System memory in use after: 131.1 MB.

Unloading 24 unused Assets to reduce memory usage. Loaded Objects now: 3901.
Total: 7.921900 ms (FindLiveObjects: 0.749500 ms CreateObjectMapping: 0.775600 ms MarkObjects: 6.157200 ms  DeleteObjects: 0.235800 ms)

========================================================================
Received Import Request.
  path: Assets/Prefab/SpawnPlatform.prefab
  artifactKey: Guid(6459d19ba8ed9174aa25dbc901c1d534) Importer(815301076,1909f56bfc062723c751e8b465ee728b)
Start importing Assets/Prefab/SpawnPlatform.prefab using Guid(6459d19ba8ed9174aa25dbc901c1d534) Importer(815301076,1909f56bfc062723c751e8b465ee728b)  -> (artifact id: 'a8ac5f40434cf92200b4882d4ee2c4e3') in 0.151746 seconds 
========================================================================
Received Import Request.
  Time since last request: 474.525072 seconds.
  path: Assets/Prefab/barrel.prefab
  artifactKey: Guid(efd7455da69aa3c4bac98d9b09a273f6) Importer(815301076,1909f56bfc062723c751e8b465ee728b)
Start importing Assets/Prefab/barrel.prefab using Guid(efd7455da69aa3c4bac98d9b09a273f6) Importer(815301076,1909f56bfc062723c751e8b465ee728b)  -> (artifact id: 'bfcc564344fecdae1387d55a9543bd2c') in 0.313084 seconds 
========================================================================
Received Import Request.
  Time since last request: 136.321888 seconds.
  path: Assets/Prefab/DecorationsShop/bottle4.prefab
  artifactKey: Guid(b4afeb492e17011488d2af1b5adc7dfd) Importer(815301076,1909f56bfc062723c751e8b465ee728b)
Start importing Assets/Prefab/DecorationsShop/bottle4.prefab using Guid(b4afeb492e17011488d2af1b5adc7dfd) Importer(815301076,1909f56bfc062723c751e8b465ee728b)  -> (artifact id: '3549fa0653843b340d75ca905153efb3') in 0.054646 seconds 
========================================================================
Received Import Request.
  Time since last request: 1.882607 seconds.
  path: Assets/Prefab/DecorationsShop/bottle3.prefab
  artifactKey: Guid(98e3df3529c992440ad71df1aac6d18e) Importer(815301076,1909f56bfc062723c751e8b465ee728b)
Start importing Assets/Prefab/DecorationsShop/bottle3.prefab using Guid(98e3df3529c992440ad71df1aac6d18e) Importer(815301076,1909f56bfc062723c751e8b465ee728b)  -> (artifact id: 'aedbc17333b3356bf22e3749b0f0c74d') in 0.050541 seconds 
========================================================================
Received Import Request.
  Time since last request: 2.071873 seconds.
  path: Assets/Prefab/DecorationsShop/bottle2.prefab
  artifactKey: Guid(b5d210296cdadbe448c2c59e2a2edc53) Importer(815301076,1909f56bfc062723c751e8b465ee728b)
Start importing Assets/Prefab/DecorationsShop/bottle2.prefab using Guid(b5d210296cdadbe448c2c59e2a2edc53) Importer(815301076,1909f56bfc062723c751e8b465ee728b)  -> (artifact id: '79dc31c3fd523795bb323fb8468ef95d') in 0.055923 seconds 
========================================================================
Received Import Request.
  Time since last request: 2.243938 seconds.
  path: Assets/Prefab/DecorationsShop/bottle.prefab
  artifactKey: Guid(d1bb820e7770f6c47b64fba0b126614f) Importer(815301076,1909f56bfc062723c751e8b465ee728b)
Start importing Assets/Prefab/DecorationsShop/bottle.prefab using Guid(d1bb820e7770f6c47b64fba0b126614f) Importer(815301076,1909f56bfc062723c751e8b465ee728b)  -> (artifact id: 'b8925d0fca9f2650ba49ed32c5792531') in 0.061489 seconds 
========================================================================
Received Import Request.
  Time since last request: 415.965720 seconds.
  path: Assets/Prefab/Decorationsisland/Flag 01.prefab
  artifactKey: Guid(dbb3cee6d2e486c41996ef4dee4f63ff) Importer(815301076,1909f56bfc062723c751e8b465ee728b)
Start importing Assets/Prefab/Decorationsisland/Flag 01.prefab using Guid(dbb3cee6d2e486c41996ef4dee4f63ff) Importer(815301076,1909f56bfc062723c751e8b465ee728b)  -> (artifact id: '80bf0ee9455f65d80deee3f59e2f3bcb') in 0.158901 seconds 
========================================================================
Received Import Request.
  Time since last request: 0.000784 seconds.
  path: Assets/AssetPack/Treasure Hunters/Palm Tree Island/Sprites/Objects/Flag/Flag 02.png
  artifactKey: Guid(483c9c21f071f6948b86c1baee150fb9) Importer(815301076,1909f56bfc062723c751e8b465ee728b)
Start importing Assets/AssetPack/Treasure Hunters/Palm Tree Island/Sprites/Objects/Flag/Flag 02.png using Guid(483c9c21f071f6948b86c1baee150fb9) Importer(815301076,1909f56bfc062723c751e8b465ee728b)  -> (artifact id: 'a5ffa1a0b26c72d09c4407077e42fed3') in 0.363771 seconds 
========================================================================
Received Import Request.
  Time since last request: 56.337522 seconds.
  path: Assets/AssetPack/Treasure Hunters/Palm Tree Island/Sprites/Objects/Spikes/Spikes.png
  artifactKey: Guid(98e2c12fb62f84944a03ba7113eb5c75) Importer(815301076,1909f56bfc062723c751e8b465ee728b)
Start importing Assets/AssetPack/Treasure Hunters/Palm Tree Island/Sprites/Objects/Spikes/Spikes.png using Guid(98e2c12fb62f84944a03ba7113eb5c75) Importer(815301076,1909f56bfc062723c751e8b465ee728b)  -> (artifact id: '9e3071e44523d4a8232265adf78404f9') in 0.053066 seconds 
========================================================================
Received Import Request.
  Time since last request: 10.159185 seconds.
  path: Assets/AssetPack/Treasure Hunters/Palm Tree Island/Sprites/Objects/Spikes
  artifactKey: Guid(a7dcee1479650414a88fe3264731d319) Importer(815301076,1909f56bfc062723c751e8b465ee728b)
Start importing Assets/AssetPack/Treasure Hunters/Palm Tree Island/Sprites/Objects/Spikes using Guid(a7dcee1479650414a88fe3264731d319) Importer(815301076,1909f56bfc062723c751e8b465ee728b)  -> (artifact id: '82098d65b4f93fd8b054960a97e916b4') in 0.042835 seconds 
========================================================================
Received Import Request.
  Time since last request: 53.406912 seconds.
  path: Assets/Prefab/spikes.prefab
  artifactKey: Guid(7241d57fa8d321547b51022ddda3d7ca) Importer(815301076,1909f56bfc062723c751e8b465ee728b)
Start importing Assets/Prefab/spikes.prefab using Guid(7241d57fa8d321547b51022ddda3d7ca) Importer(815301076,1909f56bfc062723c751e8b465ee728b)  -> (artifact id: 'aa47d763a3a8a44661215ad668a0eece') in 0.063226 seconds 
========================================================================
Received Import Request.
  Time since last request: 51.636177 seconds.
  path: Assets/Scenes/island.unity
  artifactKey: Guid(f187e1eb7d4cac64ba7c6c1c94c0ae09) Importer(815301076,1909f56bfc062723c751e8b465ee728b)
Start importing Assets/Scenes/island.unity using Guid(f187e1eb7d4cac64ba7c6c1c94c0ae09) Importer(815301076,1909f56bfc062723c751e8b465ee728b)  -> (artifact id: '9232caebee25a6cc5389d129575d492f') in 0.027738 seconds 
========================================================================
Received Prepare
Registering precompiled user dll's ...
Registered in 0.014030 seconds.
Begin MonoManager ReloadAssembly
Native extension for WindowsStandalone target not found
Native extension for WebGL target not found
Refreshing native plugins compatible for Editor in 2.14 ms, found 2 plugins.
Preloading 0 native plugins for Editor in 0.00 ms.
Mono: successfully reloaded assembly
- Completed reload, in  3.701 seconds
Platform modules already initialized, skipping
Refreshing native plugins compatible for Editor in 2.02 ms, found 2 plugins.
Preloading 0 native plugins for Editor in 0.00 ms.
Unloading 3433 Unused Serialized files (Serialized files now loaded: 0)
System memory in use before: 135.5 MB.
System memory in use after: 135.8 MB.

Unloading 12 unused Assets to reduce memory usage. Loaded Objects now: 3947.
Total: 8.660700 ms (FindLiveObjects: 0.914900 ms CreateObjectMapping: 0.644000 ms MarkObjects: 7.038100 ms  DeleteObjects: 0.058900 ms)

========================================================================
Received Import Request.
  Time since last request: 103.662385 seconds.
  path: Assets/Scenes/shop.unity
  artifactKey: Guid(7e84c47674c01014db9e8fbd9c828a59) Importer(815301076,1909f56bfc062723c751e8b465ee728b)
Start importing Assets/Scenes/shop.unity using Guid(7e84c47674c01014db9e8fbd9c828a59) Importer(815301076,1909f56bfc062723c751e8b465ee728b)  -> (artifact id: '72020a6de73446c6687de5982f1f00b3') in 0.052940 seconds 
========================================================================
Received Prepare
Registering precompiled user dll's ...
Registered in 0.009640 seconds.
Begin MonoManager ReloadAssembly
Native extension for WindowsStandalone target not found
Native extension for WebGL target not found
Refreshing native plugins compatible for Editor in 1.81 ms, found 2 plugins.
Preloading 0 native plugins for Editor in 0.00 ms.
Mono: successfully reloaded assembly
- Completed reload, in  2.817 seconds
Platform modules already initialized, skipping
Refreshing native plugins compatible for Editor in 2.20 ms, found 2 plugins.
Preloading 0 native plugins for Editor in 0.00 ms.
Unloading 3431 Unused Serialized files (Serialized files now loaded: 0)
System memory in use before: 135.5 MB.
System memory in use after: 135.8 MB.

Unloading 12 unused Assets to reduce memory usage. Loaded Objects now: 3951.
Total: 6.371800 ms (FindLiveObjects: 0.764000 ms CreateObjectMapping: 0.321000 ms MarkObjects: 5.209500 ms  DeleteObjects: 0.073200 ms)

========================================================================
Received Prepare
Registering precompiled user dll's ...
Registered in 0.077566 seconds.
Begin MonoManager ReloadAssembly
Native extension for WindowsStandalone target not found
Native extension for WebGL target not found
Refreshing native plugins compatible for Editor in 5.58 ms, found 2 plugins.
Preloading 0 native plugins for Editor in 0.00 ms.
Mono: successfully reloaded assembly
- Completed reload, in 14.106 seconds
Platform modules already initialized, skipping
Refreshing native plugins compatible for Editor in 2.79 ms, found 2 plugins.
Preloading 0 native plugins for Editor in 0.00 ms.
Unloading 3431 Unused Serialized files (Serialized files now loaded: 0)
System memory in use before: 135.6 MB.
System memory in use after: 135.8 MB.

Unloading 12 unused Assets to reduce memory usage. Loaded Objects now: 3955.
Total: 16.738300 ms (FindLiveObjects: 5.377800 ms CreateObjectMapping: 2.304500 ms MarkObjects: 8.972000 ms  DeleteObjects: 0.080000 ms)

========================================================================
Received Import Request.
  Time since last request: 144.435451 seconds.
  path: Assets/Scenes/shop.unity
  artifactKey: Guid(7e84c47674c01014db9e8fbd9c828a59) Importer(815301076,1909f56bfc062723c751e8b465ee728b)
Start importing Assets/Scenes/shop.unity using Guid(7e84c47674c01014db9e8fbd9c828a59) Importer(815301076,1909f56bfc062723c751e8b465ee728b)  -> (artifact id: '25e4220019c3ee2c17b737d7536ec0a9') in 0.064601 seconds 
========================================================================
Received Prepare
Registering precompiled user dll's ...
Registered in 0.012258 seconds.
A Native Collection has not been disposed, resulting in a memory leak. Enable Full StackTraces to get more details.

Begin MonoManager ReloadAssembly
Native extension for WindowsStandalone target not found
Native extension for WebGL target not found
Refreshing native plugins compatible for Editor in 2.53 ms, found 2 plugins.
Preloading 0 native plugins for Editor in 0.00 ms.
Mono: successfully reloaded assembly
- Completed reload, in  2.997 seconds
Platform modules already initialized, skipping
Refreshing native plugins compatible for Editor in 2.34 ms, found 2 plugins.
Preloading 0 native plugins for Editor in 0.00 ms.
Unloading 3431 Unused Serialized files (Serialized files now loaded: 0)
System memory in use before: 135.7 MB.
System memory in use after: 136.0 MB.

Unloading 12 unused Assets to reduce memory usage. Loaded Objects now: 3959.
Total: 6.705300 ms (FindLiveObjects: 0.674000 ms CreateObjectMapping: 0.451800 ms MarkObjects: 5.512300 ms  DeleteObjects: 0.063800 ms)

========================================================================
Received Prepare
Registering precompiled user dll's ...
Registered in 0.018434 seconds.
Begin MonoManager ReloadAssembly
Native extension for WindowsStandalone target not found
Native extension for WebGL target not found
Refreshing native plugins compatible for Editor in 4.55 ms, found 2 plugins.
Preloading 0 native plugins for Editor in 0.00 ms.
Mono: successfully reloaded assembly
- Completed reload, in  4.176 seconds
Platform modules already initialized, skipping
Refreshing native plugins compatible for Editor in 2.61 ms, found 2 plugins.
Preloading 0 native plugins for Editor in 0.00 ms.
Unloading 3431 Unused Serialized files (Serialized files now loaded: 0)
System memory in use before: 135.7 MB.
System memory in use after: 136.0 MB.

Unloading 12 unused Assets to reduce memory usage. Loaded Objects now: 3963.
Total: 10.787700 ms (FindLiveObjects: 0.949900 ms CreateObjectMapping: 0.544800 ms MarkObjects: 9.157400 ms  DeleteObjects: 0.131200 ms)

========================================================================
Received Prepare
Registering precompiled user dll's ...
Registered in 0.010303 seconds.
Begin MonoManager ReloadAssembly
Native extension for WindowsStandalone target not found
Native extension for WebGL target not found
Refreshing native plugins compatible for Editor in 1.93 ms, found 2 plugins.
Preloading 0 native plugins for Editor in 0.00 ms.
Mono: successfully reloaded assembly
- Completed reload, in  2.891 seconds
Platform modules already initialized, skipping
Refreshing native plugins compatible for Editor in 1.97 ms, found 2 plugins.
Preloading 0 native plugins for Editor in 0.00 ms.
Unloading 3431 Unused Serialized files (Serialized files now loaded: 0)
System memory in use before: 135.7 MB.
System memory in use after: 136.0 MB.

Unloading 12 unused Assets to reduce memory usage. Loaded Objects now: 3967.
Total: 8.823300 ms (FindLiveObjects: 1.591500 ms CreateObjectMapping: 0.866000 ms MarkObjects: 6.237900 ms  DeleteObjects: 0.123700 ms)

========================================================================
Received Prepare
Registering precompiled user dll's ...
Registered in 0.016144 seconds.
Begin MonoManager ReloadAssembly
Native extension for WindowsStandalone target not found
Native extension for WebGL target not found
Refreshing native plugins compatible for Editor in 2.03 ms, found 2 plugins.
Preloading 0 native plugins for Editor in 0.00 ms.
Mono: successfully reloaded assembly
- Completed reload, in  4.721 seconds
Platform modules already initialized, skipping
Refreshing native plugins compatible for Editor in 3.50 ms, found 2 plugins.
Preloading 0 native plugins for Editor in 0.00 ms.
Unloading 3431 Unused Serialized files (Serialized files now loaded: 0)
System memory in use before: 135.8 MB.
System memory in use after: 136.0 MB.

Unloading 12 unused Assets to reduce memory usage. Loaded Objects now: 3971.
Total: 12.194600 ms (FindLiveObjects: 0.694900 ms CreateObjectMapping: 0.436600 ms MarkObjects: 10.986500 ms  DeleteObjects: 0.073300 ms)

========================================================================
Received Prepare
Registering precompiled user dll's ...
Registered in 0.010140 seconds.
A Native Collection has not been disposed, resulting in a memory leak. Enable Full StackTraces to get more details.

Begin MonoManager ReloadAssembly
Native extension for WindowsStandalone target not found
Native extension for WebGL target not found
Refreshing native plugins compatible for Editor in 1.93 ms, found 2 plugins.
Preloading 0 native plugins for Editor in 0.00 ms.
Mono: successfully reloaded assembly
- Completed reload, in  2.930 seconds
Platform modules already initialized, skipping
Refreshing native plugins compatible for Editor in 3.25 ms, found 2 plugins.
Preloading 0 native plugins for Editor in 0.00 ms.
Unloading 3431 Unused Serialized files (Serialized files now loaded: 0)
System memory in use before: 135.8 MB.
System memory in use after: 136.0 MB.

Unloading 12 unused Assets to reduce memory usage. Loaded Objects now: 3975.
Total: 6.720200 ms (FindLiveObjects: 0.688300 ms CreateObjectMapping: 0.354300 ms MarkObjects: 5.607900 ms  DeleteObjects: 0.066500 ms)

========================================================================
Received Prepare
Registering precompiled user dll's ...
Registered in 0.011337 seconds.
A Native Collection has not been disposed, resulting in a memory leak. Enable Full StackTraces to get more details.

Begin MonoManager ReloadAssembly
Native extension for WindowsStandalone target not found
Native extension for WebGL target not found
Refreshing native plugins compatible for Editor in 2.05 ms, found 2 plugins.
Preloading 0 native plugins for Editor in 0.00 ms.
Mono: successfully reloaded assembly
- Completed reload, in  2.653 seconds
Platform modules already initialized, skipping
Refreshing native plugins compatible for Editor in 1.90 ms, found 2 plugins.
Preloading 0 native plugins for Editor in 0.00 ms.
Unloading 3431 Unused Serialized files (Serialized files now loaded: 0)
System memory in use before: 135.8 MB.
System memory in use after: 136.0 MB.

Unloading 12 unused Assets to reduce memory usage. Loaded Objects now: 3979.
Total: 6.523600 ms (FindLiveObjects: 0.716100 ms CreateObjectMapping: 0.362900 ms MarkObjects: 5.366900 ms  DeleteObjects: 0.074700 ms)

========================================================================
Received Prepare
Registering precompiled user dll's ...
Registered in 0.011587 seconds.
A Native Collection has not been disposed, resulting in a memory leak. Enable Full StackTraces to get more details.

Begin MonoManager ReloadAssembly
Native extension for WindowsStandalone target not found
Native extension for WebGL target not found
Refreshing native plugins compatible for Editor in 1.93 ms, found 2 plugins.
Preloading 0 native plugins for Editor in 0.00 ms.
Mono: successfully reloaded assembly
- Completed reload, in  2.748 seconds
Platform modules already initialized, skipping
Refreshing native plugins compatible for Editor in 1.99 ms, found 2 plugins.
Preloading 0 native plugins for Editor in 0.00 ms.
Unloading 3431 Unused Serialized files (Serialized files now loaded: 0)
System memory in use before: 135.8 MB.
System memory in use after: 136.0 MB.

Unloading 12 unused Assets to reduce memory usage. Loaded Objects now: 3983.
Total: 6.148500 ms (FindLiveObjects: 0.691100 ms CreateObjectMapping: 0.290800 ms MarkObjects: 5.096600 ms  DeleteObjects: 0.065600 ms)

========================================================================
Received Prepare
Registering precompiled user dll's ...
Registered in 0.011902 seconds.
A Native Collection has not been disposed, resulting in a memory leak. Enable Full StackTraces to get more details.

Begin MonoManager ReloadAssembly
Native extension for WindowsStandalone target not found
Native extension for WebGL target not found
Refreshing native plugins compatible for Editor in 2.02 ms, found 2 plugins.
Preloading 0 native plugins for Editor in 0.00 ms.
Mono: successfully reloaded assembly
- Completed reload, in  3.020 seconds
Platform modules already initialized, skipping
Refreshing native plugins compatible for Editor in 2.13 ms, found 2 plugins.
Preloading 0 native plugins for Editor in 0.00 ms.
Unloading 3431 Unused Serialized files (Serialized files now loaded: 0)
System memory in use before: 135.8 MB.
System memory in use after: 136.0 MB.

Unloading 12 unused Assets to reduce memory usage. Loaded Objects now: 3987.
Total: 8.363400 ms (FindLiveObjects: 0.748900 ms CreateObjectMapping: 0.376400 ms MarkObjects: 7.132600 ms  DeleteObjects: 0.100800 ms)

========================================================================
Received Prepare
Registering precompiled user dll's ...
Registered in 0.018574 seconds.
Begin MonoManager ReloadAssembly
Native extension for WindowsStandalone target not found
Native extension for WebGL target not found
Refreshing native plugins compatible for Editor in 29.50 ms, found 2 plugins.
Preloading 0 native plugins for Editor in 0.00 ms.
Mono: successfully reloaded assembly
- Completed reload, in  4.777 seconds
Platform modules already initialized, skipping
Refreshing native plugins compatible for Editor in 1.89 ms, found 2 plugins.
Preloading 0 native plugins for Editor in 0.00 ms.
Unloading 3431 Unused Serialized files (Serialized files now loaded: 0)
System memory in use before: 135.8 MB.
System memory in use after: 136.0 MB.

Unloading 12 unused Assets to reduce memory usage. Loaded Objects now: 3991.
Total: 8.549000 ms (FindLiveObjects: 0.889900 ms CreateObjectMapping: 0.529500 ms MarkObjects: 7.050800 ms  DeleteObjects: 0.075400 ms)

========================================================================
Received Prepare
Registering precompiled user dll's ...
Registered in 0.011863 seconds.
A Native Collection has not been disposed, resulting in a memory leak. Enable Full StackTraces to get more details.

Begin MonoManager ReloadAssembly
Native extension for WindowsStandalone target not found
Native extension for WebGL target not found
Refreshing native plugins compatible for Editor in 8.15 ms, found 2 plugins.
Preloading 0 native plugins for Editor in 0.00 ms.
Mono: successfully reloaded assembly
- Completed reload, in  2.979 seconds
Platform modules already initialized, skipping
Refreshing native plugins compatible for Editor in 1.86 ms, found 2 plugins.
Preloading 0 native plugins for Editor in 0.00 ms.
Unloading 3431 Unused Serialized files (Serialized files now loaded: 0)
System memory in use before: 135.8 MB.
System memory in use after: 136.0 MB.

Unloading 12 unused Assets to reduce memory usage. Loaded Objects now: 3995.
Total: 6.618100 ms (FindLiveObjects: 0.741400 ms CreateObjectMapping: 0.359500 ms MarkObjects: 5.449100 ms  DeleteObjects: 0.064800 ms)

========================================================================
Received Prepare
Registering precompiled user dll's ...
Registered in 0.011904 seconds.
A Native Collection has not been disposed, resulting in a memory leak. Enable Full StackTraces to get more details.

Begin MonoManager ReloadAssembly
Native extension for WindowsStandalone target not found
Native extension for WebGL target not found
Refreshing native plugins compatible for Editor in 2.02 ms, found 2 plugins.
Preloading 0 native plugins for Editor in 0.00 ms.
Mono: successfully reloaded assembly
- Completed reload, in  2.977 seconds
Platform modules already initialized, skipping
Refreshing native plugins compatible for Editor in 2.42 ms, found 2 plugins.
Preloading 0 native plugins for Editor in 0.00 ms.
Unloading 3431 Unused Serialized files (Serialized files now loaded: 0)
System memory in use before: 135.8 MB.
System memory in use after: 136.1 MB.

Unloading 12 unused Assets to reduce memory usage. Loaded Objects now: 3999.
Total: 7.498400 ms (FindLiveObjects: 1.064000 ms CreateObjectMapping: 0.596300 ms MarkObjects: 5.763100 ms  DeleteObjects: 0.071400 ms)

========================================================================
Received Prepare
Registering precompiled user dll's ...
Registered in 0.012640 seconds.
Begin MonoManager ReloadAssembly
Native extension for WindowsStandalone target not found
Native extension for WebGL target not found
Refreshing native plugins compatible for Editor in 1.96 ms, found 2 plugins.
Preloading 0 native plugins for Editor in 0.00 ms.
Mono: successfully reloaded assembly
- Completed reload, in  3.011 seconds
Platform modules already initialized, skipping
Refreshing native plugins compatible for Editor in 2.00 ms, found 2 plugins.
Preloading 0 native plugins for Editor in 0.00 ms.
Unloading 3431 Unused Serialized files (Serialized files now loaded: 0)
System memory in use before: 135.8 MB.
System memory in use after: 136.1 MB.

Unloading 12 unused Assets to reduce memory usage. Loaded Objects now: 4003.
Total: 6.745800 ms (FindLiveObjects: 0.673300 ms CreateObjectMapping: 0.411900 ms MarkObjects: 5.595600 ms  DeleteObjects: 0.061000 ms)

========================================================================
Received Prepare
Registering precompiled user dll's ...
Registered in 0.011987 seconds.
Begin MonoManager ReloadAssembly
Native extension for WindowsStandalone target not found
Native extension for WebGL target not found
Refreshing native plugins compatible for Editor in 1.98 ms, found 2 plugins.
Preloading 0 native plugins for Editor in 0.00 ms.
Mono: successfully reloaded assembly
- Completed reload, in  3.149 seconds
Platform modules already initialized, skipping
Refreshing native plugins compatible for Editor in 2.01 ms, found 2 plugins.
Preloading 0 native plugins for Editor in 0.00 ms.
Unloading 3431 Unused Serialized files (Serialized files now loaded: 0)
System memory in use before: 135.8 MB.
System memory in use after: 136.1 MB.

Unloading 12 unused Assets to reduce memory usage. Loaded Objects now: 4007.
Total: 7.482800 ms (FindLiveObjects: 0.802400 ms CreateObjectMapping: 0.501300 ms MarkObjects: 6.116400 ms  DeleteObjects: 0.059000 ms)

========================================================================
Received Prepare
Registering precompiled user dll's ...
Registered in 0.014493 seconds.
Begin MonoManager ReloadAssembly
Native extension for WindowsStandalone target not found
Native extension for WebGL target not found
Refreshing native plugins compatible for Editor in 2.01 ms, found 2 plugins.
Preloading 0 native plugins for Editor in 0.00 ms.
Mono: successfully reloaded assembly
- Completed reload, in  3.202 seconds
Platform modules already initialized, skipping
Refreshing native plugins compatible for Editor in 2.51 ms, found 2 plugins.
Preloading 0 native plugins for Editor in 0.00 ms.
Unloading 3431 Unused Serialized files (Serialized files now loaded: 0)
System memory in use before: 135.8 MB.
System memory in use after: 136.1 MB.

Unloading 12 unused Assets to reduce memory usage. Loaded Objects now: 4011.
Total: 7.082500 ms (FindLiveObjects: 0.756700 ms CreateObjectMapping: 0.449400 ms MarkObjects: 5.810000 ms  DeleteObjects: 0.062600 ms)

========================================================================
Received Prepare
Registering precompiled user dll's ...
Registered in 0.013039 seconds.
Begin MonoManager ReloadAssembly
Native extension for WindowsStandalone target not found
Native extension for WebGL target not found
Refreshing native plugins compatible for Editor in 2.19 ms, found 2 plugins.
Preloading 0 native plugins for Editor in 0.00 ms.
Mono: successfully reloaded assembly
- Completed reload, in  3.129 seconds
Platform modules already initialized, skipping
Refreshing native plugins compatible for Editor in 2.39 ms, found 2 plugins.
Preloading 0 native plugins for Editor in 0.00 ms.
Unloading 3431 Unused Serialized files (Serialized files now loaded: 0)
System memory in use before: 135.8 MB.
System memory in use after: 136.1 MB.

Unloading 12 unused Assets to reduce memory usage. Loaded Objects now: 4015.
Total: 8.903500 ms (FindLiveObjects: 1.064400 ms CreateObjectMapping: 0.612200 ms MarkObjects: 7.151200 ms  DeleteObjects: 0.071300 ms)

========================================================================
Received Prepare
Registering precompiled user dll's ...
Registered in 0.011330 seconds.
Begin MonoManager ReloadAssembly
Native extension for WindowsStandalone target not found
Native extension for WebGL target not found
Refreshing native plugins compatible for Editor in 2.27 ms, found 2 plugins.
Preloading 0 native plugins for Editor in 0.00 ms.
Mono: successfully reloaded assembly
- Completed reload, in  3.185 seconds
Platform modules already initialized, skipping
Refreshing native plugins compatible for Editor in 1.98 ms, found 2 plugins.
Preloading 0 native plugins for Editor in 0.00 ms.
Unloading 3431 Unused Serialized files (Serialized files now loaded: 0)
System memory in use before: 135.9 MB.
System memory in use after: 136.1 MB.

Unloading 12 unused Assets to reduce memory usage. Loaded Objects now: 4019.
Total: 7.012900 ms (FindLiveObjects: 0.811200 ms CreateObjectMapping: 0.430500 ms MarkObjects: 5.710700 ms  DeleteObjects: 0.057500 ms)

========================================================================
Received Prepare
Registering precompiled user dll's ...
Registered in 0.016572 seconds.
A Native Collection has not been disposed, resulting in a memory leak. Enable Full StackTraces to get more details.

Begin MonoManager ReloadAssembly
Native extension for WindowsStandalone target not found
Native extension for WebGL target not found
Refreshing native plugins compatible for Editor in 1.97 ms, found 2 plugins.
Preloading 0 native plugins for Editor in 0.00 ms.
Mono: successfully reloaded assembly
- Completed reload, in  3.104 seconds
Platform modules already initialized, skipping
Refreshing native plugins compatible for Editor in 1.83 ms, found 2 plugins.
Preloading 0 native plugins for Editor in 0.00 ms.
Unloading 3431 Unused Serialized files (Serialized files now loaded: 0)
System memory in use before: 135.9 MB.
System memory in use after: 136.1 MB.

Unloading 12 unused Assets to reduce memory usage. Loaded Objects now: 4023.
Total: 7.011400 ms (FindLiveObjects: 0.919400 ms CreateObjectMapping: 0.481300 ms MarkObjects: 5.530900 ms  DeleteObjects: 0.076000 ms)

========================================================================
Received Prepare
Registering precompiled user dll's ...
Registered in 0.013340 seconds.
Begin MonoManager ReloadAssembly
Native extension for WindowsStandalone target not found
Native extension for WebGL target not found
Refreshing native plugins compatible for Editor in 2.02 ms, found 2 plugins.
Preloading 0 native plugins for Editor in 0.00 ms.
Mono: successfully reloaded assembly
- Completed reload, in  3.090 seconds
Platform modules already initialized, skipping
Refreshing native plugins compatible for Editor in 2.07 ms, found 2 plugins.
Preloading 0 native plugins for Editor in 0.00 ms.
Unloading 3431 Unused Serialized files (Serialized files now loaded: 0)
System memory in use before: 135.9 MB.
System memory in use after: 136.1 MB.

Unloading 12 unused Assets to reduce memory usage. Loaded Objects now: 4027.
Total: 7.984000 ms (FindLiveObjects: 1.492700 ms CreateObjectMapping: 0.543200 ms MarkObjects: 5.884200 ms  DeleteObjects: 0.060700 ms)

========================================================================
Received Prepare
Registering precompiled user dll's ...
Registered in 0.009317 seconds.
Begin MonoManager ReloadAssembly
Native extension for WindowsStandalone target not found
Native extension for WebGL target not found
Refreshing native plugins compatible for Editor in 1.96 ms, found 2 plugins.
Preloading 0 native plugins for Editor in 0.00 ms.
Mono: successfully reloaded assembly
- Completed reload, in  2.937 seconds
Platform modules already initialized, skipping
Refreshing native plugins compatible for Editor in 2.18 ms, found 2 plugins.
Preloading 0 native plugins for Editor in 0.00 ms.
Unloading 3431 Unused Serialized files (Serialized files now loaded: 0)
System memory in use before: 135.9 MB.
System memory in use after: 136.1 MB.

Unloading 12 unused Assets to reduce memory usage. Loaded Objects now: 4031.
Total: 7.861900 ms (FindLiveObjects: 0.807200 ms CreateObjectMapping: 0.616200 ms MarkObjects: 6.347600 ms  DeleteObjects: 0.086800 ms)

AssetImportWorkerClient::OnTransportError - code=2 error=End of file
